11:34:03 DEBUG : Logs will be stored at 'C:/Users/cherr/ece385/ECE385_final134/ECE385_final_10/ECE385_final/tetris_vitis_workspace/IDE.log'.
11:34:05 INFO  : Launching XSCT server: xsct.bat -n  -interactive C:\Users\cherr\ece385\ECE385_final134\ECE385_final_10\ECE385_final\tetris_vitis_workspace\temp_xsdb_launch_script.tcl
11:34:05 INFO  : Platform repository initialization has completed.
11:34:05 INFO  : Registering command handlers for Vitis TCF services
11:34:07 INFO  : XSCT server has started successfully.
11:34:07 INFO  : Successfully done setting XSCT server connection channel  
11:34:07 INFO  : plnx-install-location is set to ''
11:34:07 INFO  : Successfully done setting workspace for the tool. 
11:34:07 INFO  : Successfully done query RDI_DATADIR 
11:35:17 INFO  : Result from executing command 'getProjects': mb_usb_hdmi_top
11:35:17 INFO  : Result from executing command 'getPlatforms': 
11:35:17 WARN  : An unexpected exception occurred in the module 'platform project logging'
11:35:17 INFO  : Platform 'mb_usb_hdmi_top' is added to custom repositories.
11:35:19 INFO  : Platform 'mb_usb_hdmi_top' is added to custom repositories.
11:38:52 DEBUG : Logs will be stored at 'C:/Users/cherr/ece385/ECE385_final134/ECE385_final_10/ECE385_final/tetris_vitis_workspace/IDE.log'.
11:38:52 INFO  : Launching XSCT server: xsct.bat -n  -interactive C:\Users\cherr\ece385\ECE385_final134\ECE385_final_10\ECE385_final\tetris_vitis_workspace\temp_xsdb_launch_script.tcl
11:38:54 INFO  : XSCT server has started successfully.
11:38:54 INFO  : Successfully done setting XSCT server connection channel  
11:38:54 INFO  : plnx-install-location is set to ''
11:38:55 INFO  : Successfully done setting workspace for the tool. 
11:38:55 INFO  : Platform repository initialization has completed.
11:38:55 INFO  : Successfully done query RDI_DATADIR 
11:38:55 INFO  : Registering command handlers for Vitis TCF services
11:43:59 INFO  : Result from executing command 'getProjects': mb_usb_hdmi_top
11:43:59 INFO  : Result from executing command 'getPlatforms': mb_usb_hdmi_top|C:/Users/cherr/ece385/ECE385_final134/ECE385_final_10/ECE385_final/tetris_vitis_workspace/mb_usb_hdmi_top/export/mb_usb_hdmi_top/mb_usb_hdmi_top.xpfm
11:43:59 INFO  : Checking for BSP changes to sync application flags for project 'tetris_workspace'...
11:44:18 INFO  : Hardware specification for platform project 'mb_usb_hdmi_top' is updated.
11:44:35 INFO  : Hardware specification for platform project 'mb_usb_hdmi_top' is updated.
11:44:46 INFO  : Result from executing command 'getProjects': mb_usb_hdmi_top
11:44:46 INFO  : Result from executing command 'getPlatforms': mb_usb_hdmi_top|C:/Users/cherr/ece385/ECE385_final134/ECE385_final_10/ECE385_final/tetris_vitis_workspace/mb_usb_hdmi_top/export/mb_usb_hdmi_top/mb_usb_hdmi_top.xpfm
11:44:46 INFO  : Checking for BSP changes to sync application flags for project 'tetris_workspace'...
11:44:55 INFO  : Checking for BSP changes to sync application flags for project 'tetris_workspace'...
11:45:17 INFO  : Connected to target on host '127.0.0.1' and port '3121'.
11:45:25 INFO  : Jtag cable 'RealDigital Boo 88742923007DA' is selected.
11:45:25 INFO  : 'jtag frequency' command is executed.
11:45:25 INFO  : 'targets -set -filter {jtag_cable_name =~ "RealDigital Boo 88742923007DA" && level==0 && jtag_device_ctx=="jsn1-0362f093-0"}' command is executed.
11:45:27 INFO  : Device configured successfully with "C:/Users/cherr/ece385/ECE385_final134/ECE385_final_10/ECE385_final/tetris_vitis_workspace/tetris_workspace/_ide/bitstream/mb_usb_hdmi_top.bit"
11:45:27 INFO  : Context for processor 'microblaze_0' is selected.
11:45:27 INFO  : Hardware design and registers information is loaded from 'C:/Users/cherr/ece385/ECE385_final134/ECE385_final_10/ECE385_final/tetris_vitis_workspace/mb_usb_hdmi_top/export/mb_usb_hdmi_top/hw/mb_usb_hdmi_top.xsa'.
11:45:27 INFO  : 'configparams mdm-detect-bscan-mask 2' command is executed.
11:45:27 INFO  : Context for processor 'microblaze_0' is selected.
11:45:27 INFO  : System reset is completed.
11:45:30 INFO  : 'after 3000' command is executed.
11:45:30 INFO  : Context for processor 'microblaze_0' is selected.
11:45:30 INFO  : The application 'C:/Users/cherr/ece385/ECE385_final134/ECE385_final_10/ECE385_final/tetris_vitis_workspace/tetris_workspace/Debug/tetris_workspace.elf' is downloaded to processor 'microblaze_0'.
11:45:30 INFO  : ----------------XSDB Script----------------
connect -url tcp:127.0.0.1:3121
targets -set -filter {jtag_cable_name =~ "RealDigital Boo 88742923007DA" && level==0 && jtag_device_ctx=="jsn1-0362f093-0"}
fpga -file C:/Users/cherr/ece385/ECE385_final134/ECE385_final_10/ECE385_final/tetris_vitis_workspace/tetris_workspace/_ide/bitstream/mb_usb_hdmi_top.bit
targets -set -nocase -filter {name =~ "*microblaze*#0" && bscan=="USER2" }
loadhw -hw C:/Users/cherr/ece385/ECE385_final134/ECE385_final_10/ECE385_final/tetris_vitis_workspace/mb_usb_hdmi_top/export/mb_usb_hdmi_top/hw/mb_usb_hdmi_top.xsa -regs
configparams mdm-detect-bscan-mask 2
targets -set -nocase -filter {name =~ "*microblaze*#0" && bscan=="USER2" }
rst -system
after 3000
targets -set -nocase -filter {name =~ "*microblaze*#0" && bscan=="USER2" }
dow C:/Users/cherr/ece385/ECE385_final134/ECE385_final_10/ECE385_final/tetris_vitis_workspace/tetris_workspace/Debug/tetris_workspace.elf
----------------End of Script----------------

11:45:30 INFO  : Context for processor 'microblaze_0' is selected.
11:45:30 INFO  : 'con' command is executed.
11:45:30 INFO  : ----------------XSDB Script (After Launch)----------------
targets -set -nocase -filter {name =~ "*microblaze*#0" && bscan=="USER2" }
con
----------------End of Script----------------

11:45:30 INFO  : Disconnected from the channel tcfchan#3.
